app/build/outputs/logs/manifest-merger-360-debug-report.txt
-- Merging decision tree log ---
permission#com.hlbkj.pdl.permission.JPUSH_MESSAGE
INJECTED from src\main\AndroidManifest.xml:5:5-7:47
	android:protectionLevel
		ADDED from src\main\AndroidManifest.xml:7:9-44
	android:name
		INJECTED from src\main\AndroidManifest.xml
		ADDED from src\main\AndroidManifest.xml:6:9-65
uses-permission#com.hlbkj.pdl.permission.JPUSH_MESSAGE
INJECTED from src\main\AndroidManifest.xml:10:5-81
	android:name
		INJECTED from src\main\AndroidManifest.xml
		ADDED from src\main\AndroidManifest.xml:10:22-78
provider#android.support.v4.content.FileProvider
INJECTED from src\main\AndroidManifest.xml:51:9-59:20
	android:grantUriPermissions
		ADDED from src\main\AndroidManifest.xml:55:13-47
	android:authorities
		INJECTED from src\main\AndroidManifest.xml
		ADDED from src\main\AndroidManifest.xml:53:13-64
	android:exported
		ADDED from src\main\AndroidManifest.xml:54:13-37
	android:name
		ADDED from src\main\AndroidManifest.xml:52:13-67
meta-data#C_CHANNEL
INJECTED from src\main\AndroidManifest.xml:69:9-71:44
	android:value
		INJECTED from src\main\AndroidManifest.xml
		ADDED from src\main\AndroidManifest.xml:71:13-41
	android:name
		ADDED from src\main\AndroidManifest.xml:70:13-37
meta-data#G_CHANNEL
INJECTED from src\main\AndroidManifest.xml:73:9-75:44
	android:value
		INJECTED from src\main\AndroidManifest.xml
		ADDED from src\main\AndroidManifest.xml:75:13-41
	android:name
		ADDED from src\main\AndroidManifest.xml:74:13-37
manifest
ADDED from src\main\AndroidManifest.xml:2:1-99:12
INJECTED from src\main\AndroidManifest.xml:2:1-99:12
INJECTED from src\main\AndroidManifest.xml:2:1-99:12
INJECTED from src\main\AndroidManifest.xml:2:1-99:12
MERGED from [com.android.support:multidex:1.0.2] AndroidManifest.xml:17:1-22:12
MERGED from [com.android.databinding:adapters:1.3.1] AndroidManifest.xml:17:1-26:12
MERGED from [com.android.databinding:library:1.3.1] AndroidManifest.xml:17:1-26:12
MERGED from [com.trello.rxlifecycle2:rxlifecycle-components:2.2.1] AndroidManifest.xml:13:1-19:12
MERGED from [com.trello.rxlifecycle2:rxlifecycle-android:2.2.1] AndroidManifest.xml:13:1-19:12
MERGED from [com.android.support:design:27.1.1] AndroidManifest.xml:17:1-22:12
MERGED from [com.github.LuckSiege.PictureSelector:picture_library:v2.2.3] AndroidManifest.xml:2:1-36:12
MERGED from [com.github.LuckSiege.PictureSelector:ucrop:v2.2.3] AndroidManifest.xml:2:1-12:12
MERGED from [com.android.support:recyclerview-v7:27.1.1] AndroidManifest.xml:17:1-22:12
MERGED from [com.liyi:sutils:2.0.3] AndroidManifest.xml:2:1-42:12
MERGED from [uk.co.chrisjenx:calligraphy:2.3.0] AndroidManifest.xml:2:1-13:12
MERGED from [com.xingliuhua:xlhratingbar_lib:1.0.1] AndroidManifest.xml:2:1-17:12
MERGED from [com.github.q296494327:GuidePage:1.0] AndroidManifest.xml:2:1-17:12
MERGED from [com.android.support:appcompat-v7:27.1.1] AndroidManifest.xml:17:1-22:12
MERGED from [com.github.tbruyelle:rxpermissions:0.10.2] AndroidManifest.xml:2:1-11:12
MERGED from [io.reactivex.rxjava2:rxandroid:2.1.1] AndroidManifest.xml:15:1-20:12
MERGED from [com.zhy:okhttputils:2.6.2] AndroidManifest.xml:2:1-11:12
MERGED from [com.github.bumptech.glide:glide:4.8.0] AndroidManifest.xml:2:1-12:12
MERGED from [com.github.bumptech.glide:okhttp3-integration:4.8.0] AndroidManifest.xml:2:1-16:12
MERGED from [com.android.support:support-v4:27.1.1] AndroidManifest.xml:17:1-22:12
MERGED from [com.android.support.constraint:constraint-layout:1.1.3] AndroidManifest.xml:2:1-11:12
MERGED from [com.github.CymChad:BaseRecyclerViewAdapterHelper:2.9.46] AndroidManifest.xml:2:1-11:12
MERGED from [com.jakewharton:butterknife:8.8.1] AndroidManifest.xml:2:1-7:12
MERGED from [com.github.ybq:Android-SpinKit:1.2.0] AndroidManifest.xml:2:1-9:12
MERGED from [com.tencent.bugly:crashreport:3.1.0] AndroidManifest.xml:2:1-9:12
MERGED from [com.tencent.bugly:nativecrashreport:3.7.1] AndroidManifest.xml:2:1-9:12
MERGED from [me.jessyan:autosize:1.1.2] AndroidManifest.xml:2:1-19:12
MERGED from [com.github.Bakumon:StatusLayoutManager:1.0.4] AndroidManifest.xml:2:1-11:12
MERGED from [:refresh:refresh-header] AndroidManifest.xml:2:1-17:12
MERGED from [:refresh:refresh-layout] AndroidManifest.xml:2:1-17:12
MERGED from [de.hdodenhof:circleimageview:2.1.0] AndroidManifest.xml:2:1-11:12
MERGED from [com.flyco.tablayout:FlycoTabLayout_Lib:2.1.2] AndroidManifest.xml:2:1-12:12
MERGED from [com.github.warkiz.widget:indicatorseekbar:2.1.2] AndroidManifest.xml:2:1-11:12
MERGED from [com.github.dzs-yaodi:Banner:1.2] AndroidManifest.xml:2:1-11:12
MERGED from [com.qq.mta:mta:3.4.2] AndroidManifest.xml:2:1-38:12
MERGED from [com.tencent.mid:mid:3.73-release] AndroidManifest.xml:2:1-19:12
MERGED from [com.contrarywind:Android-PickerView:4.1.8] AndroidManifest.xml:2:1-11:12
MERGED from [cn.jzvd:jiaozivideoplayer:6.2.12] AndroidManifest.xml:2:1-13:12
MERGED from [:alipaySdk-15.6.5-20190718211148:] AndroidManifest.xml:2:1-57:12
MERGED from [com.android.support:transition:27.1.1] AndroidManifest.xml:17:1-22:12
MERGED from [com.android.support:support-fragment:27.1.1] AndroidManifest.xml:17:1-22:12
MERGED from [com.contrarywind:wheelview:4.0.9] AndroidManifest.xml:2:1-11:12
MERGED from [com.android.support:animated-vector-drawable:27.1.1] AndroidManifest.xml:17:1-22:12
MERGED from [com.android.support:support-core-ui:27.1.1] AndroidManifest.xml:17:1-22:12
MERGED from [com.android.support:support-core-utils:27.1.1] AndroidManifest.xml:17:1-22:12
MERGED from [com.android.support:support-media-compat:27.1.1] AndroidManifest.xml:17:1-22:12
MERGED from [com.android.support:support-vector-drawable:27.1.1] AndroidManifest.xml:17:1-22:12
MERGED from [com.android.support:support-compat:27.1.1] AndroidManifest.xml:17:1-22:12
MERGED from [com.github.bumptech.glide:gifdecoder:4.8.0] AndroidManifest.xml:2:1-11:12
MERGED from [android.arch.lifecycle:livedata-core:1.1.0] AndroidManifest.xml:17:1-22:12
MERGED from [android.arch.lifecycle:viewmodel:1.1.0] AndroidManifest.xml:17:1-22:12
MERGED from [android.arch.lifecycle:runtime:1.1.0] AndroidManifest.xml:17:1-22:12
MERGED from [android.arch.core:runtime:1.1.0] AndroidManifest.xml:17:1-22:12
INJECTED from src\main\AndroidManifest.xml:2:1-99:12
INJECTED from src\main\AndroidManifest.xml:2:1-99:12
INJECTED from src\main\AndroidManifest.xml:2:1-99:12
	package
		ADDED from src\main\AndroidManifest.xml:3:5-28
		INJECTED from src\main\AndroidManifest.xml
		INJECTED from src\main\AndroidManifest.xml
	android:versionName
		INJECTED from src\main\AndroidManifest.xml
		ADDED from src\main\AndroidManifest.xml:2:1-99:12
		INJECTED from src\main\AndroidManifest.xml
	android:versionCode
		INJECTED from src\main\AndroidManifest.xml
		ADDED from src\main\AndroidManifest.xml:2:1-99:12
		INJECTED from src\main\AndroidManifest.xml
	xmlns:android
		ADDED from src\main\AndroidManifest.xml:2:11-69
uses-permission#android.permission.RECEIVE_USER_PRESENT
ADDED from src\main\AndroidManifest.xml:11:5-79
	android:name
		ADDED from src\main\AndroidManifest.xml:11:22-76
uses-permission#android.permission.INTERNET
ADDED from src\main\AndroidManifest.xml:12:5-67
MERGED from [com.liyi:sutils:2.0.3] AndroidManifest.xml:11:5-67
MERGED from [com.liyi:sutils:2.0.3] AndroidManifest.xml:11:5-67
MERGED from [com.qq.mta:mta:3.4.2] AndroidManifest.xml:12:5-67
MERGED from [com.qq.mta:mta:3.4.2] AndroidManifest.xml:12:5-67
MERGED from [:alipaySdk-15.6.5-20190718211148:] AndroidManifest.xml:18:5-67
MERGED from [:alipaySdk-15.6.5-20190718211148:] AndroidManifest.xml:18:5-67
	android:name
		ADDED from src\main\AndroidManifest.xml:12:22-64
uses-permission#android.permission.WAKE_LOCK
ADDED from src\main\AndroidManifest.xml:13:5-68
MERGED from [com.liyi:sutils:2.0.3] AndroidManifest.xml:18:5-68
MERGED from [com.liyi:sutils:2.0.3] AndroidManifest.xml:18:5-68
	android:name
		ADDED from src\main\AndroidManifest.xml:13:22-65
uses-permission#android.permission.READ_PHONE_STATE
ADDED from src\main\AndroidManifest.xml:14:5-75
MERGED from [com.liyi:sutils:2.0.3] AndroidManifest.xml:22:5-75
MERGED from [com.liyi:sutils:2.0.3] AndroidManifest.xml:22:5-75
MERGED from [com.qq.mta:mta:3.4.2] AndroidManifest.xml:15:5-75
MERGED from [com.qq.mta:mta:3.4.2] AndroidManifest.xml:15:5-75
	android:name
		ADDED from src\main\AndroidManifest.xml:14:22-72
uses-permission#android.permission.WRITE_EXTERNAL_STORAGE
ADDED from src\main\AndroidManifest.xml:15:5-81
MERGED from [com.liyi:sutils:2.0.3] AndroidManifest.xml:28:5-81
MERGED from [com.liyi:sutils:2.0.3] AndroidManifest.xml:28:5-81
MERGED from [com.qq.mta:mta:3.4.2] AndroidManifest.xml:16:5-81
MERGED from [com.qq.mta:mta:3.4.2] AndroidManifest.xml:16:5-81
	android:name
		ADDED from src\main\AndroidManifest.xml:15:22-78
uses-permission#android.permission.READ_EXTERNAL_STORAGE
ADDED from src\main\AndroidManifest.xml:16:5-80
MERGED from [com.liyi:sutils:2.0.3] AndroidManifest.xml:26:5-80
MERGED from [com.liyi:sutils:2.0.3] AndroidManifest.xml:26:5-80
	android:name
		ADDED from src\main\AndroidManifest.xml:16:22-77
uses-permission#android.permission.WRITE_SETTINGS
ADDED from src\main\AndroidManifest.xml:17:5-73
MERGED from [com.qq.mta:mta:3.4.2] AndroidManifest.xml:17:5-73
MERGED from [com.qq.mta:mta:3.4.2] AndroidManifest.xml:17:5-73
	android:name
		ADDED from src\main\AndroidManifest.xml:17:22-70
uses-permission#android.permission.VIBRATE
ADDED from src\main\AndroidManifest.xml:18:5-66
MERGED from [com.qq.mta:mta:3.4.2] AndroidManifest.xml:21:5-66
MERGED from [com.qq.mta:mta:3.4.2] AndroidManifest.xml:21:5-66
	android:name
		ADDED from src\main\AndroidManifest.xml:18:22-63
uses-permission#android.permission.MOUNT_UNMOUNT_FILESYSTEMS
ADDED from src\main\AndroidManifest.xml:19:5-84
MERGED from [com.liyi:sutils:2.0.3] AndroidManifest.xml:24:5-84
MERGED from [com.liyi:sutils:2.0.3] AndroidManifest.xml:24:5-84
	android:name
		ADDED from src\main\AndroidManifest.xml:19:22-81
uses-permission#android.permission.ACCESS_NETWORK_STATE
ADDED from src\main\AndroidManifest.xml:20:5-79
MERGED from [com.liyi:sutils:2.0.3] AndroidManifest.xml:12:5-79
MERGED from [com.liyi:sutils:2.0.3] AndroidManifest.xml:12:5-79
MERGED from [com.qq.mta:mta:3.4.2] AndroidManifest.xml:13:5-79
MERGED from [com.qq.mta:mta:3.4.2] AndroidManifest.xml:13:5-79
MERGED from [cn.jzvd:jiaozivideoplayer:6.2.12] AndroidManifest.xml:11:5-79
MERGED from [cn.jzvd:jiaozivideoplayer:6.2.12] AndroidManifest.xml:11:5-79
MERGED from [:alipaySdk-15.6.5-20190718211148:] AndroidManifest.xml:19:5-79
MERGED from [:alipaySdk-15.6.5-20190718211148:] AndroidManifest.xml:19:5-79
	android:name
		ADDED from src\main\AndroidManifest.xml:20:22-76
uses-permission#android.permission.ACCESS_WIFI_STATE
ADDED from src\main\AndroidManifest.xml:21:5-76
MERGED from [com.liyi:sutils:2.0.3] AndroidManifest.xml:13:5-76
MERGED from [com.liyi:sutils:2.0.3] AndroidManifest.xml:13:5-76
MERGED from [com.qq.mta:mta:3.4.2] AndroidManifest.xml:14:5-76
MERGED from [com.qq.mta:mta:3.4.2] AndroidManifest.xml:14:5-76
MERGED from [:alipaySdk-15.6.5-20190718211148:] AndroidManifest.xml:20:5-76
MERGED from [:alipaySdk-15.6.5-20190718211148:] AndroidManifest.xml:20:5-76
	android:name
		ADDED from src\main\AndroidManifest.xml:21:22-73
uses-permission#android.permission.SYSTEM_ALERT_WINDOW
ADDED from src\main\AndroidManifest.xml:22:5-78
	android:name
		ADDED from src\main\AndroidManifest.xml:22:22-75
uses-permission#android.permission.CHANGE_CONFIGURATION
ADDED from src\main\AndroidManifest.xml:23:5-79
	android:name
		ADDED from src\main\AndroidManifest.xml:23:22-76
uses-permission#android.permission.ACCESS_COARSE_LOCATION
ADDED from src\main\AndroidManifest.xml:26:5-81
MERGED from [com.liyi:sutils:2.0.3] AndroidManifest.xml:21:5-81
MERGED from [com.liyi:sutils:2.0.3] AndroidManifest.xml:21:5-81
MERGED from [com.qq.mta:mta:3.4.2] AndroidManifest.xml:19:5-81
MERGED from [com.qq.mta:mta:3.4.2] AndroidManifest.xml:19:5-81
	android:name
		ADDED from src\main\AndroidManifest.xml:26:22-78
uses-permission#android.permission.CHANGE_WIFI_STATE
ADDED from src\main\AndroidManifest.xml:27:5-76
MERGED from [com.liyi:sutils:2.0.3] AndroidManifest.xml:15:5-76
MERGED from [com.liyi:sutils:2.0.3] AndroidManifest.xml:15:5-76
	android:name
		ADDED from src\main\AndroidManifest.xml:27:22-73
uses-permission#android.permission.ACCESS_FINE_LOCATION
ADDED from src\main\AndroidManifest.xml:28:5-79
MERGED from [com.liyi:sutils:2.0.3] AndroidManifest.xml:20:5-79
MERGED from [com.liyi:sutils:2.0.3] AndroidManifest.xml:20:5-79
MERGED from [com.qq.mta:mta:3.4.2] AndroidManifest.xml:20:5-79
MERGED from [com.qq.mta:mta:3.4.2] AndroidManifest.xml:20:5-79
	android:name
		ADDED from src\main\AndroidManifest.xml:28:22-76
uses-permission#android.permission.ACCESS_LOCATION_EXTRA_COMMANDS
ADDED from src\main\AndroidManifest.xml:29:5-89
	android:name
		ADDED from src\main\AndroidManifest.xml:29:22-86
uses-permission#android.permission.CHANGE_NETWORK_STATE
ADDED from src\main\AndroidManifest.xml:30:5-79
	android:name
		ADDED from src\main\AndroidManifest.xml:30:22-76
uses-permission#android.permission.FOREGROUND_SERVICE
ADDED from src\main\AndroidManifest.xml:31:5-77
	android:name
		ADDED from src\main\AndroidManifest.xml:31:22-74
uses-permission#android.permission.CAMERA
ADDED from src\main\AndroidManifest.xml:32:5-65
	android:name
		ADDED from src\main\AndroidManifest.xml:32:22-62
uses-permission#android.permission.READ_CONTACTS
ADDED from src\main\AndroidManifest.xml:33:5-72
MERGED from [com.liyi:sutils:2.0.3] AndroidManifest.xml:34:5-72
MERGED from [com.liyi:sutils:2.0.3] AndroidManifest.xml:34:5-72
	android:name
		ADDED from src\main\AndroidManifest.xml:33:22-69
uses-permission#android.permission.READ_CALL_LOG
ADDED from src\main\AndroidManifest.xml:35:5-72
	android:name
		ADDED from src\main\AndroidManifest.xml:35:22-69
uses-permission#android.permission.BIND_JOB_SERVICE
ADDED from src\main\AndroidManifest.xml:36:5-75
	android:name
		ADDED from src\main\AndroidManifest.xml:36:22-72
uses-permission#android.permission.ACCESS_BACKGROUND_LOCATION
ADDED from src\main\AndroidManifest.xml:38:5-85
	android:name
		ADDED from src\main\AndroidManifest.xml:38:22-82
uses-permission#android.permission.BLUETOOTH
ADDED from src\main\AndroidManifest.xml:40:5-68
	android:name
		ADDED from src\main\AndroidManifest.xml:40:22-65
uses-permission#android.permission.BLUETOOTH_ADMIN
ADDED from src\main\AndroidManifest.xml:41:5-74
	android:name
		ADDED from src\main\AndroidManifest.xml:41:22-71
application
ADDED from src\main\AndroidManifest.xml:43:5-97:19
MERGED from [com.github.LuckSiege.PictureSelector:picture_library:v2.2.3] AndroidManifest.xml:11:5-34:19
MERGED from [com.github.LuckSiege.PictureSelector:picture_library:v2.2.3] AndroidManifest.xml:11:5-34:19
MERGED from [uk.co.chrisjenx:calligraphy:2.3.0] AndroidManifest.xml:11:5-20
MERGED from [uk.co.chrisjenx:calligraphy:2.3.0] AndroidManifest.xml:11:5-20
MERGED from [com.xingliuhua:xlhratingbar_lib:1.0.1] AndroidManifest.xml:11:5-15:19
MERGED from [com.xingliuhua:xlhratingbar_lib:1.0.1] AndroidManifest.xml:11:5-15:19
MERGED from [com.github.q296494327:GuidePage:1.0] AndroidManifest.xml:11:5-15:19
MERGED from [com.github.q296494327:GuidePage:1.0] AndroidManifest.xml:11:5-15:19
MERGED from [com.github.tbruyelle:rxpermissions:0.10.2] AndroidManifest.xml:9:5-20
MERGED from [com.github.tbruyelle:rxpermissions:0.10.2] AndroidManifest.xml:9:5-20
MERGED from [com.github.bumptech.glide:glide:4.8.0] AndroidManifest.xml:10:5-20
MERGED from [com.github.bumptech.glide:glide:4.8.0] AndroidManifest.xml:10:5-20
MERGED from [com.github.bumptech.glide:okhttp3-integration:4.8.0] AndroidManifest.xml:10:5-14:19
MERGED from [com.github.bumptech.glide:okhttp3-integration:4.8.0] AndroidManifest.xml:10:5-14:19
MERGED from [com.android.support.constraint:constraint-layout:1.1.3] AndroidManifest.xml:9:5-20
MERGED from [com.android.support.constraint:constraint-layout:1.1.3] AndroidManifest.xml:9:5-20
MERGED from [me.jessyan:autosize:1.1.2] AndroidManifest.xml:11:5-17:19
MERGED from [me.jessyan:autosize:1.1.2] AndroidManifest.xml:11:5-17:19
MERGED from [:refresh:refresh-header] AndroidManifest.xml:11:5-15:19
MERGED from [:refresh:refresh-header] AndroidManifest.xml:11:5-15:19
MERGED from [:refresh:refresh-layout] AndroidManifest.xml:11:5-15:19
MERGED from [:refresh:refresh-layout] AndroidManifest.xml:11:5-15:19
MERGED from [de.hdodenhof:circleimageview:2.1.0] AndroidManifest.xml:9:5-20
MERGED from [de.hdodenhof:circleimageview:2.1.0] AndroidManifest.xml:9:5-20
MERGED from [com.qq.mta:mta:3.4.2] AndroidManifest.xml:23:5-36:19
MERGED from [com.qq.mta:mta:3.4.2] AndroidManifest.xml:23:5-36:19
MERGED from [com.tencent.mid:mid:3.73-release] AndroidManifest.xml:11:5-17:19
MERGED from [com.tencent.mid:mid:3.73-release] AndroidManifest.xml:11:5-17:19
MERGED from [:alipaySdk-15.6.5-20190718211148:] AndroidManifest.xml:22:5-55:19
MERGED from [:alipaySdk-15.6.5-20190718211148:] AndroidManifest.xml:22:5-55:19
MERGED from [com.github.bumptech.glide:gifdecoder:4.8.0] AndroidManifest.xml:9:5-20
MERGED from [com.github.bumptech.glide:gifdecoder:4.8.0] AndroidManifest.xml:9:5-20
	android:supportsRtl
		ADDED from src\main\AndroidManifest.xml:49:9-35
	android:label
		ADDED from src\main\AndroidManifest.xml:47:9-41
	android:roundIcon
		ADDED from src\main\AndroidManifest.xml:48:9-54
	android:icon
		ADDED from src\main\AndroidManifest.xml:46:9-43
	android:allowBackup
		ADDED from src\main\AndroidManifest.xml:45:9-35
	android:theme
		ADDED from src\main\AndroidManifest.xml:50:9-40
	android:name
		ADDED from src\main\AndroidManifest.xml:44:9-38
meta-data#design_width_in_dp
ADDED from src\main\AndroidManifest.xml:61:9-63:35
	android:value
		ADDED from src\main\AndroidManifest.xml:63:13-32
	android:name
		ADDED from src\main\AndroidManifest.xml:62:13-46
meta-data#design_height_in_dp
ADDED from src\main\AndroidManifest.xml:64:9-66:35
	android:value
		ADDED from src\main\AndroidManifest.xml:66:13-32
	android:name
		ADDED from src\main\AndroidManifest.xml:65:13-47
activity#com.hlbkj.pdl.ui.activity.SplashActivity
ADDED from src\main\AndroidManifest.xml:77:9-81:20
	android:theme
		ADDED from src\main\AndroidManifest.xml:79:13-47
	android:name
		ADDED from src\main\AndroidManifest.xml:78:13-55
activity#com.hlbkj.pdl.ui.activity.MainActivity
ADDED from src\main\AndroidManifest.xml:82:9-85:52
	android:screenOrientation
		ADDED from src\main\AndroidManifest.xml:85:13-49
	android:launchMode
		ADDED from src\main\AndroidManifest.xml:84:13-44
	android:name
		ADDED from src\main\AndroidManifest.xml:83:13-53
activity#com.hlbkj.pdl.ui.activity.LoginActivity
ADDED from src\main\AndroidManifest.xml:86:9-88:52
	android:screenOrientation
		ADDED from src\main\AndroidManifest.xml:88:13-49
	android:name
		ADDED from src\main\AndroidManifest.xml:87:13-54
activity#com.hlbkj.pdl.ui.activity.GuideActivity
ADDED from src\main\AndroidManifest.xml:89:9-96:20
	android:screenOrientation
		ADDED from src\main\AndroidManifest.xml:90:13-49
	android:name
		ADDED from src\main\AndroidManifest.xml:89:19-60
intent-filter#android.intent.action.MAIN+android.intent.action.VIEW+android.intent.category.LAUNCHER
ADDED from src\main\AndroidManifest.xml:91:13-95:29
action#android.intent.action.MAIN
ADDED from src\main\AndroidManifest.xml:92:17-69
	android:name
		ADDED from src\main\AndroidManifest.xml:92:25-66
action#android.intent.action.VIEW
ADDED from src\main\AndroidManifest.xml:93:17-69
	android:name
		ADDED from src\main\AndroidManifest.xml:93:25-66
category#android.intent.category.LAUNCHER
ADDED from src\main\AndroidManifest.xml:94:17-77
	android:name
		ADDED from src\main\AndroidManifest.xml:94:27-74
uses-sdk
INJECTED from src\main\AndroidManifest.xml reason: use-sdk injection requested
INJECTED from src\main\AndroidManifest.xml
INJECTED from src\main\AndroidManifest.xml
MERGED from [com.android.support:multidex:1.0.2] AndroidManifest.xml:20:5-43
MERGED from [com.android.support:multidex:1.0.2] AndroidManifest.xml:20:5-43
MERGED from [com.android.databinding:adapters:1.3.1] AndroidManifest.xml:22:5-24:41
MERGED from [com.android.databinding:adapters:1.3.1] AndroidManifest.xml:22:5-24:41
MERGED from [com.android.databinding:library:1.3.1] AndroidManifest.xml:22:5-24:41
MERGED from [com.android.databinding:library:1.3.1] AndroidManifest.xml:22:5-24:41
MERGED from [com.trello.rxlifecycle2:rxlifecycle-components:2.2.1] AndroidManifest.xml:17:5-44
MERGED from [com.trello.rxlifecycle2:rxlifecycle-components:2.2.1] AndroidManifest.xml:17:5-44
MERGED from [com.trello.rxlifecycle2:rxlifecycle-android:2.2.1] AndroidManifest.xml:17:5-44
MERGED from [com.trello.rxlifecycle2:rxlifecycle-android:2.2.1] AndroidManifest.xml:17:5-44
MERGED from [com.android.support:design:27.1.1] AndroidManifest.xml:20:5-44
MERGED from [com.android.support:design:27.1.1] AndroidManifest.xml:20:5-44
MERGED from [com.github.LuckSiege.PictureSelector:picture_library:v2.2.3] AndroidManifest.xml:7:5-9:41
MERGED from [com.github.LuckSiege.PictureSelector:picture_library:v2.2.3] AndroidManifest.xml:7:5-9:41
MERGED from [com.github.LuckSiege.PictureSelector:ucrop:v2.2.3] AndroidManifest.xml:8:5-10:41
MERGED from [com.github.LuckSiege.PictureSelector:ucrop:v2.2.3] AndroidManifest.xml:8:5-10:41
MERGED from [com.android.support:recyclerview-v7:27.1.1] AndroidManifest.xml:20:5-44
MERGED from [com.android.support:recyclerview-v7:27.1.1] AndroidManifest.xml:20:5-44
MERGED from [com.liyi:sutils:2.0.3] AndroidManifest.xml:7:5-9:41
MERGED from [com.liyi:sutils:2.0.3] AndroidManifest.xml:7:5-9:41
MERGED from [uk.co.chrisjenx:calligraphy:2.3.0] AndroidManifest.xml:7:5-9:41
MERGED from [uk.co.chrisjenx:calligraphy:2.3.0] AndroidManifest.xml:7:5-9:41
MERGED from [com.xingliuhua:xlhratingbar_lib:1.0.1] AndroidManifest.xml:7:5-9:41
MERGED from [com.xingliuhua:xlhratingbar_lib:1.0.1] AndroidManifest.xml:7:5-9:41
MERGED from [com.github.q296494327:GuidePage:1.0] AndroidManifest.xml:7:5-9:41
MERGED from [com.github.q296494327:GuidePage:1.0] AndroidManifest.xml:7:5-9:41
MERGED from [com.android.support:appcompat-v7:27.1.1] AndroidManifest.xml:20:5-44
MERGED from [com.android.support:appcompat-v7:27.1.1] AndroidManifest.xml:20:5-44
MERGED from [com.github.tbruyelle:rxpermissions:0.10.2] AndroidManifest.xml:5:5-7:41
MERGED from [com.github.tbruyelle:rxpermissions:0.10.2] AndroidManifest.xml:5:5-7:41
MERGED from [io.reactivex.rxjava2:rxandroid:2.1.1] AndroidManifest.xml:18:5-43
MERGED from [io.reactivex.rxjava2:rxandroid:2.1.1] AndroidManifest.xml:18:5-43
MERGED from [com.zhy:okhttputils:2.6.2] AndroidManifest.xml:7:5-9:41
MERGED from [com.zhy:okhttputils:2.6.2] AndroidManifest.xml:7:5-9:41
MERGED from [com.github.bumptech.glide:glide:4.8.0] AndroidManifest.xml:6:5-8:41
MERGED from [com.github.bumptech.glide:glide:4.8.0] AndroidManifest.xml:6:5-8:41
MERGED from [com.github.bumptech.glide:okhttp3-integration:4.8.0] AndroidManifest.xml:6:5-8:41
MERGED from [com.github.bumptech.glide:okhttp3-integration:4.8.0] AndroidManifest.xml:6:5-8:41
MERGED from [com.android.support:support-v4:27.1.1] AndroidManifest.xml:20:5-44
MERGED from [com.android.support:support-v4:27.1.1] AndroidManifest.xml:20:5-44
MERGED from [com.android.support.constraint:constraint-layout:1.1.3] AndroidManifest.xml:5:5-7:41
MERGED from [com.android.support.constraint:constraint-layout:1.1.3] AndroidManifest.xml:5:5-7:41
MERGED from [com.github.CymChad:BaseRecyclerViewAdapterHelper:2.9.46] AndroidManifest.xml:7:5-9:41
MERGED from [com.github.CymChad:BaseRecyclerViewAdapterHelper:2.9.46] AndroidManifest.xml:7:5-9:41
MERGED from [com.jakewharton:butterknife:8.8.1] AndroidManifest.xml:5:5-43
MERGED from [com.jakewharton:butterknife:8.8.1] AndroidManifest.xml:5:5-43
MERGED from [com.github.ybq:Android-SpinKit:1.2.0] AndroidManifest.xml:5:5-7:41
MERGED from [com.github.ybq:Android-SpinKit:1.2.0] AndroidManifest.xml:5:5-7:41
MERGED from [com.tencent.bugly:crashreport:3.1.0] AndroidManifest.xml:5:5-7:41
MERGED from [com.tencent.bugly:crashreport:3.1.0] AndroidManifest.xml:5:5-7:41
MERGED from [com.tencent.bugly:nativecrashreport:3.7.1] AndroidManifest.xml:5:5-7:41
MERGED from [com.tencent.bugly:nativecrashreport:3.7.1] AndroidManifest.xml:5:5-7:41
MERGED from [me.jessyan:autosize:1.1.2] AndroidManifest.xml:7:5-9:41
MERGED from [me.jessyan:autosize:1.1.2] AndroidManifest.xml:7:5-9:41
MERGED from [com.github.Bakumon:StatusLayoutManager:1.0.4] AndroidManifest.xml:7:5-9:41
MERGED from [com.github.Bakumon:StatusLayoutManager:1.0.4] AndroidManifest.xml:7:5-9:41
MERGED from [:refresh:refresh-header] AndroidManifest.xml:7:5-9:41
MERGED from [:refresh:refresh-header] AndroidManifest.xml:7:5-9:41
MERGED from [:refresh:refresh-layout] AndroidManifest.xml:7:5-9:41
MERGED from [:refresh:refresh-layout] AndroidManifest.xml:7:5-9:41
MERGED from [de.hdodenhof:circleimageview:2.1.0] AndroidManifest.xml:5:5-7:41
MERGED from [de.hdodenhof:circleimageview:2.1.0] AndroidManifest.xml:5:5-7:41
MERGED from [com.flyco.tablayout:FlycoTabLayout_Lib:2.1.2] AndroidManifest.xml:8:5-10:41
MERGED from [com.flyco.tablayout:FlycoTabLayout_Lib:2.1.2] AndroidManifest.xml:8:5-10:41
MERGED from [com.github.warkiz.widget:indicatorseekbar:2.1.2] AndroidManifest.xml:7:5-9:41
MERGED from [com.github.warkiz.widget:indicatorseekbar:2.1.2] AndroidManifest.xml:7:5-9:41
MERGED from [com.github.dzs-yaodi:Banner:1.2] AndroidManifest.xml:7:5-9:41
MERGED from [com.github.dzs-yaodi:Banner:1.2] AndroidManifest.xml:7:5-9:41
MERGED from [com.qq.mta:mta:3.4.2] AndroidManifest.xml:7:5-9:41
MERGED from [com.qq.mta:mta:3.4.2] AndroidManifest.xml:7:5-9:41
MERGED from [com.tencent.mid:mid:3.73-release] AndroidManifest.xml:7:5-9:41
MERGED from [com.tencent.mid:mid:3.73-release] AndroidManifest.xml:7:5-9:41
MERGED from [com.contrarywind:Android-PickerView:4.1.8] AndroidManifest.xml:7:5-9:41
MERGED from [com.contrarywind:Android-PickerView:4.1.8] AndroidManifest.xml:7:5-9:41
MERGED from [cn.jzvd:jiaozivideoplayer:6.2.12] AndroidManifest.xml:7:5-9:41
MERGED from [cn.jzvd:jiaozivideoplayer:6.2.12] AndroidManifest.xml:7:5-9:41
MERGED from [:alipaySdk-15.6.5-20190718211148:] AndroidManifest.xml:7:5-9:41
MERGED from [:alipaySdk-15.6.5-20190718211148:] AndroidManifest.xml:7:5-9:41
MERGED from [com.android.support:transition:27.1.1] AndroidManifest.xml:20:5-44
MERGED from [com.android.support:transition:27.1.1] AndroidManifest.xml:20:5-44
MERGED from [com.android.support:support-fragment:27.1.1] AndroidManifest.xml:20:5-44
MERGED from [com.android.support:support-fragment:27.1.1] AndroidManifest.xml:20:5-44
MERGED from [com.contrarywind:wheelview:4.0.9] AndroidManifest.xml:7:5-9:41
MERGED from [com.contrarywind:wheelview:4.0.9] AndroidManifest.xml:7:5-9:41
MERGED from [com.android.support:animated-vector-drawable:27.1.1] AndroidManifest.xml:20:5-44
MERGED from [com.android.support:animated-vector-drawable:27.1.1] AndroidManifest.xml:20:5-44
MERGED from [com.android.support:support-core-ui:27.1.1] AndroidManifest.xml:20:5-44
MERGED from [com.android.support:support-core-ui:27.1.1] AndroidManifest.xml:20:5-44
MERGED from [com.android.support:support-core-utils:27.1.1] AndroidManifest.xml:20:5-44
MERGED from [com.android.support:support-core-utils:27.1.1] AndroidManifest.xml:20:5-44
MERGED from [com.android.support:support-media-compat:27.1.1] AndroidManifest.xml:20:5-44
MERGED from [com.android.support:support-media-compat:27.1.1] AndroidManifest.xml:20:5-44
MERGED from [com.android.support:support-vector-drawable:27.1.1] AndroidManifest.xml:20:5-44
MERGED from [com.android.support:support-vector-drawable:27.1.1] AndroidManifest.xml:20:5-44
MERGED from [com.android.support:support-compat:27.1.1] AndroidManifest.xml:20:5-44
MERGED from [com.android.support:support-compat:27.1.1] AndroidManifest.xml:20:5-44
MERGED from [com.github.bumptech.glide:gifdecoder:4.8.0] AndroidManifest.xml:5:5-7:41
MERGED from [com.github.bumptech.glide:gifdecoder:4.8.0] AndroidManifest.xml:5:5-7:41
MERGED from [android.arch.lifecycle:livedata-core:1.1.0] AndroidManifest.xml:20:5-44
MERGED from [android.arch.lifecycle:livedata-core:1.1.0] AndroidManifest.xml:20:5-44
MERGED from [android.arch.lifecycle:viewmodel:1.1.0] AndroidManifest.xml:20:5-44
MERGED from [android.arch.lifecycle:viewmodel:1.1.0] AndroidManifest.xml:20:5-44
MERGED from [android.arch.lifecycle:runtime:1.1.0] AndroidManifest.xml:20:5-44
MERGED from [android.arch.lifecycle:runtime:1.1.0] AndroidManifest.xml:20:5-44
MERGED from [android.arch.core:runtime:1.1.0] AndroidManifest.xml:20:5-44
MERGED from [android.arch.core:runtime:1.1.0] AndroidManifest.xml:20:5-44
INJECTED from src\main\AndroidManifest.xml
INJECTED from src\main\AndroidManifest.xml
	android:targetSdkVersion
		INJECTED from src\main\AndroidManifest.xml
		ADDED from src\main\AndroidManifest.xml
		INJECTED from src\main\AndroidManifest.xml
	android:minSdkVersion
		INJECTED from src\main\AndroidManifest.xml
		ADDED from src\main\AndroidManifest.xml
		INJECTED from src\main\AndroidManifest.xml
meta-data#android.support.FILE_PROVIDER_PATHS
ADDED from src\main\AndroidManifest.xml:56:13-58:54
	android:resource
		ADDED from src\main\AndroidManifest.xml:58:17-51
	android:name
		ADDED from src\main\AndroidManifest.xml:57:17-67
provider#com.luck.picture.lib.PictureFileProvider
ADDED from [com.github.LuckSiege.PictureSelector:picture_library:v2.2.3] AndroidManifest.xml:12:9-20:20
	android:grantUriPermissions
		ADDED from [com.github.LuckSiege.PictureSelector:picture_library:v2.2.3] AndroidManifest.xml:16:13-47
	android:authorities
		ADDED from [com.github.LuckSiege.PictureSelector:picture_library:v2.2.3] AndroidManifest.xml:14:13-60
	android:exported
		ADDED from [com.github.LuckSiege.PictureSelector:picture_library:v2.2.3] AndroidManifest.xml:15:13-37
	android:name
		ADDED from [com.github.LuckSiege.PictureSelector:picture_library:v2.2.3] AndroidManifest.xml:13:13-68
activity#com.luck.picture.lib.PictureSelectorActivity
ADDED from [com.github.LuckSiege.PictureSelector:picture_library:v2.2.3] AndroidManifest.xml:22:9-24:55
	android:windowSoftInputMode